Base path: 'C:/Program Files/Unity/Hub/Editor/2019.2.17f1/Editor/Data', plugins path 'C:/Program Files/Unity/Hub/Editor/2019.2.17f1/Editor/Data/PlaybackEngines'
Cmd: initializeCompiler
Cmd: compileComputeKernel
  api=9 insize=3859 outsize=4457 ok=1
Cmd: compileComputeKernel
  api=4 insize=3859 outsize=2415 ok=1
Cmd: compileComputeKernel
  api=9 insize=3859 outsize=5442 ok=1
Cmd: compileComputeKernel
  api=9 insize=3859 outsize=5049 ok=1
Cmd: compileComputeKernel
  api=9 insize=3859 outsize=6078 ok=1
Cmd: compileComputeKernel
  api=9 insize=4258 outsize=4221 ok=1
Cmd: compileComputeKernel
  api=4 insize=4258 outsize=1746 ok=1
Cmd: compileComputeKernel
  api=4 insize=4258 outsize=1746 ok=1
Cmd: compileComputeKernel
  api=4 insize=4258 outsize=2475 ok=1
Cmd: compileComputeKernel
  api=4 insize=4219 outsize=3281 ok=1
Cmd: compileComputeKernel
  error: 1 plat 9 at (0): Buffer count exceeding default GL_MAX_SHADER_STORAGE_BUFFER_BINDINGS. Shader might not work on all hw. Consider combining separate buffers into one containing struct elements.
  api=9 insize=8159 outsize=104834 ok=1
Cmd: compileComputeKernel
  error: 1 plat 9 at (0): Buffer count exceeding default GL_MAX_SHADER_STORAGE_BUFFER_BINDINGS. Shader might not work on all hw. Consider combining separate buffers into one containing struct elements.
  api=9 insize=8159 outsize=99749 ok=1
Cmd: compileComputeKernel
  error: 1 plat 9 at (0): Buffer count exceeding default GL_MAX_SHADER_STORAGE_BUFFER_BINDINGS. Shader might not work on all hw. Consider combining separate buffers into one containing struct elements.
  api=9 insize=8159 outsize=103041 ok=1
Cmd: compileComputeKernel
  api=4 insize=8159 outsize=39420 ok=1
Cmd: compileComputeKernel
  api=4 insize=8159 outsize=39290 ok=1
Cmd: compileComputeKernel
  api=4 insize=8159 outsize=41130 ok=1
Cmd: compileComputeKernel
  api=4 insize=2642 outsize=1277 ok=1
Cmd: compileComputeKernel
  api=9 insize=2642 outsize=2905 ok=1
Cmd: compileComputeKernel
  api=9 insize=5852 outsize=60997 ok=1
