Base path: 'C:/Program Files/Unity/Hub/Editor/2019.2.17f1/Editor/Data', plugins path 'C:/Program Files/Unity/Hub/Editor/2019.2.17f1/Editor/Data/PlaybackEngines'
Cmd: initializeCompiler
Cmd: compileComputeKernel
  api=4 insize=3859 outsize=2118 ok=1
Cmd: compileComputeKernel
  api=9 insize=4258 outsize=4206 ok=1
Cmd: compileComputeKernel
  api=4 insize=4258 outsize=1746 ok=1
Cmd: compileComputeKernel
  api=4 insize=4258 outsize=2435 ok=1
Cmd: compileComputeKernel
  api=9 insize=4219 outsize=9139 ok=1
Cmd: compileComputeKernel
  api=4 insize=8159 outsize=37360 ok=1
Cmd: compileComputeKernel
  error: 1 plat 9 at (0): Buffer count exceeding default GL_MAX_SHADER_STORAGE_BUFFER_BINDINGS. Shader might not work on all hw. Consider combining separate buffers into one containing struct elements.
  api=9 insize=8159 outsize=102432 ok=1
Cmd: compileComputeKernel
  error: 1 plat 9 at (0): Buffer count exceeding default GL_MAX_SHADER_STORAGE_BUFFER_BINDINGS. Shader might not work on all hw. Consider combining separate buffers into one containing struct elements.
  api=9 insize=8159 outsize=104125 ok=1
Cmd: compileComputeKernel
  error: 1 plat 9 at (0): Buffer count exceeding default GL_MAX_SHADER_STORAGE_BUFFER_BINDINGS. Shader might not work on all hw. Consider combining separate buffers into one containing struct elements.
  api=9 insize=8159 outsize=108742 ok=1
Cmd: compileComputeKernel
  api=4 insize=8159 outsize=40433 ok=1
Cmd: compileComputeKernel
  api=4 insize=8159 outsize=39746 ok=1
Cmd: compileComputeKernel
  api=4 insize=2642 outsize=1345 ok=1
Cmd: compileComputeKernel
  api=4 insize=2642 outsize=1345 ok=1
Cmd: compileComputeKernel
  api=9 insize=5852 outsize=29533 ok=1
Cmd: compileComputeKernel
  api=4 insize=5852 outsize=37117 ok=1
Cmd: compileSnippet
  api=4 type=1 insize=16611 outsize=902 kw=_SUNDISK_SIMPLE pd=UNITY_NO_DXT5nm UNITY_ENABLE_REFLECTION_BUFFERS UNITY_NO_CUBEMAP_ARRAY UNITY_NO_SCREENSPACE_SHADOWS UNITY_PBS_USE_BRDF2 SHADER_API_DESKTOP UNITY_HARDWARE_TIER3 UNITY_COLORSPACE_GAMMA UNITY_LIGHTMAP_DLDR_ENCODING ok=1
